<?xml version="1.0" encoding="UTF-8"?>
<!-- Generated by org.testng.reporters.JUnitReportReporter -->
<testsuite hostname="Shaheds-MBP.attlocal.net" failures="0" tests="1" name="TestDifferentMethod.WindowHandle" time="24.016" errors="0" timestamp="2022-01-25T22:48:20 EST" skipped="0">
  <testcase classname="TestDifferentMethod.WindowHandle" name="getwindowHandle" time="24.016"/>
  <system-out/>
</testsuite> <!-- TestDifferentMethod.WindowHandle -->
