<?xml version="1.0" encoding="UTF-8"?>
<!-- Generated by org.testng.reporters.JUnitReportReporter -->
<testsuite hostname="Shaheds-MBP.attlocal.net" failures="0" tests="2" name="Test_Scenarios.TestScenarioSerarch1" time="6.478" errors="0" timestamp="2022-01-27T20:01:11 EST" skipped="0">
  <testcase classname="Test_Scenarios.TestScenarioSerarch1" name="aearch" time="5.915"/>
  <system-out/>
  <testcase classname="Test_Scenarios.TestScenarioSerarch1" name="check" time="0.563"/>
  <system-out/>
</testsuite> <!-- Test_Scenarios.TestScenarioSerarch1 -->
